{"/usr/src/app/babel.config.js": {"path":"/usr/src/app/babel.config.js","statementMap":{"0":{"start":{"line":1,"column":0},"end":{"line":5,"column":1}}},"fnMap":{},"branchMap":{},"s":{"0":0},"f":{},"b":{}}
,"/usr/src/app/src/main.js": {"path":"/usr/src/app/src/main.js","statementMap":{"0":{"start":{"line":4,"column":0},"end":{"line":4,"column":32}},"1":{"start":{"line":6,"column":0},"end":{"line":8,"column":17}},"2":{"start":{"line":7,"column":15},"end":{"line":7,"column":21}}},"fnMap":{"0":{"name":"(anonymous_0)","decl":{"start":{"line":7,"column":10},"end":{"line":7,"column":11}},"loc":{"start":{"line":7,"column":15},"end":{"line":7,"column":21}},"line":7}},"branchMap":{},"s":{"0":0,"1":0,"2":0},"f":{"0":0},"b":{}}
}
